<?xml version="1.0" encoding="UTF-8"?>
<!-- Generated by org.testng.reporters.JUnitReportReporter -->
<testsuite hostname="DESKTOP-1J1EHHM" failures="0" tests="4" name="test.VerifyHeaderOfActitime" time="11.074" errors="0" timestamp="2022-02-03T13:10:36 IST" skipped="0">
  <testcase classname="test.VerifyHeaderOfActitime" name="toVerifyUserTab" time="3.244"/>
  <system-out/>
  <testcase classname="test.VerifyHeaderOfActitime" name="toVerifyReportTab" time="1.649"/>
  <system-out/>
  <testcase classname="test.VerifyHeaderOfActitime" name="toVerifyUserTab" time="1.601"/>
  <system-out/>
  <testcase classname="test.VerifyHeaderOfActitime" name="toVerifyReportTab" time="4.580"/>
  <system-out/>
</testsuite> <!-- test.VerifyHeaderOfActitime -->
